[2025-03-21T21:19:33.119+0500] {local_task_job_runner.py:123} INFO - ::group::Pre task execution logs
[2025-03-21T21:19:33.133+0500] {taskinstance.py:2614} INFO - Dependencies all met for dep_context=non-requeueable deps ti=<TaskInstance: coldpath_ingestion.ingest_cold_traffic_data manual__2025-03-21T16:18:22.168220+00:00 [queued]>
[2025-03-21T21:19:33.141+0500] {taskinstance.py:2614} INFO - Dependencies all met for dep_context=requeueable deps ti=<TaskInstance: coldpath_ingestion.ingest_cold_traffic_data manual__2025-03-21T16:18:22.168220+00:00 [queued]>
[2025-03-21T21:19:33.141+0500] {taskinstance.py:2867} INFO - Starting attempt 1 of 1
[2025-03-21T21:19:33.159+0500] {taskinstance.py:2890} INFO - Executing <Task(PythonOperator): ingest_cold_traffic_data> on 2025-03-21 16:18:22.168220+00:00
[2025-03-21T21:19:33.165+0500] {standard_task_runner.py:72} INFO - Started process 110824 to run task
[2025-03-21T21:19:33.169+0500] {standard_task_runner.py:104} INFO - Running: ['airflow', 'tasks', 'run', 'coldpath_ingestion', 'ingest_cold_traffic_data', 'manual__2025-03-21T16:18:22.168220+00:00', '--job-id', '33', '--raw', '--subdir', 'DAGS_FOLDER/coldpath.py', '--cfg-path', '/tmp/tmpw30zstsc']
[2025-03-21T21:19:33.170+0500] {standard_task_runner.py:105} INFO - Job 33: Subtask ingest_cold_traffic_data
[2025-03-21T21:19:33.208+0500] {task_command.py:467} INFO - Running <TaskInstance: coldpath_ingestion.ingest_cold_traffic_data manual__2025-03-21T16:18:22.168220+00:00 [running]> on host ubuntu
[2025-03-21T21:19:33.267+0500] {taskinstance.py:3134} INFO - Exporting env vars: AIRFLOW_CTX_DAG_OWNER='airflow' AIRFLOW_CTX_DAG_ID='coldpath_ingestion' AIRFLOW_CTX_TASK_ID='ingest_cold_traffic_data' AIRFLOW_CTX_EXECUTION_DATE='2025-03-21T16:18:22.168220+00:00' AIRFLOW_CTX_TRY_NUMBER='1' AIRFLOW_CTX_DAG_RUN_ID='manual__2025-03-21T16:18:22.168220+00:00'
[2025-03-21T21:19:33.268+0500] {logging_mixin.py:190} INFO - Task instance is in running state
[2025-03-21T21:19:33.268+0500] {logging_mixin.py:190} INFO -  Previous state of the Task instance: queued
[2025-03-21T21:19:33.269+0500] {logging_mixin.py:190} INFO - Current task name:ingest_cold_traffic_data state:running start_date:2025-03-21 16:19:33.134114+00:00
[2025-03-21T21:19:33.269+0500] {logging_mixin.py:190} INFO - Dag name:coldpath_ingestion and current dag run status:running
[2025-03-21T21:19:33.269+0500] {taskinstance.py:732} INFO - ::endgroup::
[2025-03-21T21:19:35.027+0500] {python.py:240} INFO - Done. Returned value was: None
[2025-03-21T21:19:35.032+0500] {taskinstance.py:341} INFO - ::group::Post task execution logs
[2025-03-21T21:19:35.033+0500] {taskinstance.py:353} INFO - Marking task as SUCCESS. dag_id=coldpath_ingestion, task_id=ingest_cold_traffic_data, run_id=manual__2025-03-21T16:18:22.168220+00:00, execution_date=20250321T161822, start_date=20250321T161933, end_date=20250321T161935
[2025-03-21T21:19:35.055+0500] {logging_mixin.py:190} INFO - Task instance in success state
[2025-03-21T21:19:35.056+0500] {logging_mixin.py:190} INFO -  Previous state of the Task instance: running
[2025-03-21T21:19:35.056+0500] {logging_mixin.py:190} INFO - Dag name:coldpath_ingestion queued_at:2025-03-21 16:18:22.182593+00:00
[2025-03-21T21:19:35.056+0500] {logging_mixin.py:190} INFO - Task hostname:ubuntu operator:PythonOperator
[2025-03-21T21:19:35.070+0500] {local_task_job_runner.py:266} INFO - Task exited with return code 0
[2025-03-21T21:19:35.089+0500] {taskinstance.py:3901} INFO - 1 downstream tasks scheduled from follow-on schedule check
[2025-03-21T21:19:35.095+0500] {local_task_job_runner.py:245} INFO - ::endgroup::
