[2025-03-21T20:00:11.479+0500] {local_task_job_runner.py:123} INFO - ::group::Pre task execution logs
[2025-03-21T20:00:11.487+0500] {taskinstance.py:2614} INFO - Dependencies all met for dep_context=non-requeueable deps ti=<TaskInstance: fetch_bluesky.ingest_bluesky scheduled__2025-03-21T14:00:00+00:00 [queued]>
[2025-03-21T20:00:11.494+0500] {taskinstance.py:2614} INFO - Dependencies all met for dep_context=requeueable deps ti=<TaskInstance: fetch_bluesky.ingest_bluesky scheduled__2025-03-21T14:00:00+00:00 [queued]>
[2025-03-21T20:00:11.494+0500] {taskinstance.py:2867} INFO - Starting attempt 1 of 1
[2025-03-21T20:00:11.510+0500] {taskinstance.py:2890} INFO - Executing <Task(PythonOperator): ingest_bluesky> on 2025-03-21 14:00:00+00:00
[2025-03-21T20:00:11.515+0500] {standard_task_runner.py:72} INFO - Started process 83714 to run task
[2025-03-21T20:00:11.518+0500] {standard_task_runner.py:104} INFO - Running: ['airflow', 'tasks', 'run', 'fetch_bluesky', 'ingest_bluesky', 'scheduled__2025-03-21T14:00:00+00:00', '--job-id', '26', '--raw', '--subdir', 'DAGS_FOLDER/fetch_bluesky.py', '--cfg-path', '/tmp/tmpmg0jd9dq']
[2025-03-21T20:00:11.519+0500] {standard_task_runner.py:105} INFO - Job 26: Subtask ingest_bluesky
[2025-03-21T20:00:11.577+0500] {task_command.py:467} INFO - Running <TaskInstance: fetch_bluesky.ingest_bluesky scheduled__2025-03-21T14:00:00+00:00 [running]> on host ubuntu
[2025-03-21T20:00:11.648+0500] {taskinstance.py:3134} INFO - Exporting env vars: AIRFLOW_CTX_DAG_OWNER='airflow' AIRFLOW_CTX_DAG_ID='fetch_bluesky' AIRFLOW_CTX_TASK_ID='ingest_bluesky' AIRFLOW_CTX_EXECUTION_DATE='2025-03-21T14:00:00+00:00' AIRFLOW_CTX_TRY_NUMBER='1' AIRFLOW_CTX_DAG_RUN_ID='scheduled__2025-03-21T14:00:00+00:00'
[2025-03-21T20:00:11.649+0500] {logging_mixin.py:190} INFO - Task instance is in running state
[2025-03-21T20:00:11.649+0500] {logging_mixin.py:190} INFO -  Previous state of the Task instance: queued
[2025-03-21T20:00:11.650+0500] {logging_mixin.py:190} INFO - Current task name:ingest_bluesky state:running start_date:2025-03-21 15:00:11.487763+00:00
[2025-03-21T20:00:11.650+0500] {logging_mixin.py:190} INFO - Dag name:fetch_bluesky and current dag run status:running
[2025-03-21T20:00:11.650+0500] {taskinstance.py:732} INFO - ::endgroup::
[2025-03-21T20:00:12.946+0500] {logging_mixin.py:190} INFO - Failed to authenticate. Status code: 404
[2025-03-21T20:00:12.947+0500] {logging_mixin.py:190} INFO - Authentication failed, aborting data fetch.
[2025-03-21T20:00:12.948+0500] {python.py:240} INFO - Done. Returned value was: None
[2025-03-21T20:00:12.965+0500] {taskinstance.py:341} INFO - ::group::Post task execution logs
[2025-03-21T20:00:12.966+0500] {taskinstance.py:353} INFO - Marking task as SUCCESS. dag_id=fetch_bluesky, task_id=ingest_bluesky, run_id=scheduled__2025-03-21T14:00:00+00:00, execution_date=20250321T140000, start_date=20250321T150011, end_date=20250321T150012
[2025-03-21T20:00:12.992+0500] {logging_mixin.py:190} INFO - Task instance in success state
[2025-03-21T20:00:12.992+0500] {logging_mixin.py:190} INFO -  Previous state of the Task instance: running
[2025-03-21T20:00:12.993+0500] {logging_mixin.py:190} INFO - Dag name:fetch_bluesky queued_at:2025-03-21 15:00:01.457957+00:00
[2025-03-21T20:00:12.993+0500] {logging_mixin.py:190} INFO - Task hostname:ubuntu operator:PythonOperator
[2025-03-21T20:00:13.016+0500] {local_task_job_runner.py:266} INFO - Task exited with return code 0
[2025-03-21T20:00:13.030+0500] {taskinstance.py:3901} INFO - 0 downstream tasks scheduled from follow-on schedule check
[2025-03-21T20:00:13.031+0500] {local_task_job_runner.py:245} INFO - ::endgroup::
