[2025-03-21T17:11:43.273+0500] {local_task_job_runner.py:123} INFO - ::group::Pre task execution logs
[2025-03-21T17:11:43.281+0500] {taskinstance.py:2614} INFO - Dependencies all met for dep_context=non-requeueable deps ti=<TaskInstance: fetch_serapi_traffic_images.fetch_serapi_traffic_images_task scheduled__2025-03-21T11:00:00+00:00 [queued]>
[2025-03-21T17:11:43.286+0500] {taskinstance.py:2614} INFO - Dependencies all met for dep_context=requeueable deps ti=<TaskInstance: fetch_serapi_traffic_images.fetch_serapi_traffic_images_task scheduled__2025-03-21T11:00:00+00:00 [queued]>
[2025-03-21T17:11:43.286+0500] {taskinstance.py:2867} INFO - Starting attempt 1 of 1
[2025-03-21T17:11:43.299+0500] {taskinstance.py:2890} INFO - Executing <Task(PythonOperator): fetch_serapi_traffic_images_task> on 2025-03-21 11:00:00+00:00
[2025-03-21T17:11:43.305+0500] {standard_task_runner.py:72} INFO - Started process 40168 to run task
[2025-03-21T17:11:43.308+0500] {standard_task_runner.py:104} INFO - Running: ['airflow', 'tasks', 'run', 'fetch_serapi_traffic_images', 'fetch_serapi_traffic_images_task', 'scheduled__2025-03-21T11:00:00+00:00', '--job-id', '13', '--raw', '--subdir', 'DAGS_FOLDER/fetch_serapi.py', '--cfg-path', '/tmp/tmp51a3avbn']
[2025-03-21T17:11:43.309+0500] {standard_task_runner.py:105} INFO - Job 13: Subtask fetch_serapi_traffic_images_task
[2025-03-21T17:11:43.347+0500] {task_command.py:467} INFO - Running <TaskInstance: fetch_serapi_traffic_images.fetch_serapi_traffic_images_task scheduled__2025-03-21T11:00:00+00:00 [running]> on host ubuntu
[2025-03-21T17:11:43.398+0500] {taskinstance.py:3134} INFO - Exporting env vars: AIRFLOW_CTX_DAG_OWNER='airflow' AIRFLOW_CTX_DAG_ID='fetch_serapi_traffic_images' AIRFLOW_CTX_TASK_ID='fetch_serapi_traffic_images_task' AIRFLOW_CTX_EXECUTION_DATE='2025-03-21T11:00:00+00:00' AIRFLOW_CTX_TRY_NUMBER='1' AIRFLOW_CTX_DAG_RUN_ID='scheduled__2025-03-21T11:00:00+00:00'
[2025-03-21T17:11:43.399+0500] {logging_mixin.py:190} INFO - Task instance is in running state
[2025-03-21T17:11:43.399+0500] {logging_mixin.py:190} INFO -  Previous state of the Task instance: queued
[2025-03-21T17:11:43.399+0500] {logging_mixin.py:190} INFO - Current task name:fetch_serapi_traffic_images_task state:running start_date:2025-03-21 12:11:43.281831+00:00
[2025-03-21T17:11:43.399+0500] {logging_mixin.py:190} INFO - Dag name:fetch_serapi_traffic_images and current dag run status:running
[2025-03-21T17:11:43.400+0500] {taskinstance.py:732} INFO - ::endgroup::
[2025-03-21T17:11:43.803+0500] {logging_mixin.py:190} INFO - Error occurred: Expecting value: line 1 column 1 (char 0)
[2025-03-21T17:11:43.804+0500] {python.py:240} INFO - Done. Returned value was: None
[2025-03-21T17:11:43.817+0500] {taskinstance.py:341} INFO - ::group::Post task execution logs
[2025-03-21T17:11:43.818+0500] {taskinstance.py:353} INFO - Marking task as SUCCESS. dag_id=fetch_serapi_traffic_images, task_id=fetch_serapi_traffic_images_task, run_id=scheduled__2025-03-21T11:00:00+00:00, execution_date=20250321T110000, start_date=20250321T121143, end_date=20250321T121143
[2025-03-21T17:11:43.838+0500] {logging_mixin.py:190} INFO - Task instance in success state
[2025-03-21T17:11:43.839+0500] {logging_mixin.py:190} INFO -  Previous state of the Task instance: running
[2025-03-21T17:11:43.839+0500] {logging_mixin.py:190} INFO - Dag name:fetch_serapi_traffic_images queued_at:2025-03-21 12:11:41.012171+00:00
[2025-03-21T17:11:43.839+0500] {logging_mixin.py:190} INFO - Task hostname:ubuntu operator:PythonOperator
[2025-03-21T17:11:43.884+0500] {local_task_job_runner.py:266} INFO - Task exited with return code 0
[2025-03-21T17:11:43.919+0500] {taskinstance.py:3901} INFO - 0 downstream tasks scheduled from follow-on schedule check
[2025-03-21T17:11:43.920+0500] {local_task_job_runner.py:245} INFO - ::endgroup::
