[2025-03-21T16:37:47.605+0500] {local_task_job_runner.py:123} INFO - ::group::Pre task execution logs
[2025-03-21T16:37:47.614+0500] {taskinstance.py:2614} INFO - Dependencies all met for dep_context=non-requeueable deps ti=<TaskInstance: fetch_traffic_2024.ingest_traffic_2024 scheduled__2025-03-20T00:00:00+00:00 [queued]>
[2025-03-21T16:37:47.619+0500] {taskinstance.py:2614} INFO - Dependencies all met for dep_context=requeueable deps ti=<TaskInstance: fetch_traffic_2024.ingest_traffic_2024 scheduled__2025-03-20T00:00:00+00:00 [queued]>
[2025-03-21T16:37:47.620+0500] {taskinstance.py:2867} INFO - Starting attempt 1 of 1
[2025-03-21T16:37:47.634+0500] {taskinstance.py:2890} INFO - Executing <Task(PythonOperator): ingest_traffic_2024> on 2025-03-20 00:00:00+00:00
[2025-03-21T16:37:47.640+0500] {standard_task_runner.py:72} INFO - Started process 33826 to run task
[2025-03-21T16:37:47.644+0500] {standard_task_runner.py:104} INFO - Running: ['airflow', 'tasks', 'run', 'fetch_traffic_2024', 'ingest_traffic_2024', 'scheduled__2025-03-20T00:00:00+00:00', '--job-id', '4', '--raw', '--subdir', 'DAGS_FOLDER/fetch_traffic_2024.py', '--cfg-path', '/tmp/tmp_nlr23gy']
[2025-03-21T16:37:47.645+0500] {standard_task_runner.py:105} INFO - Job 4: Subtask ingest_traffic_2024
[2025-03-21T16:37:47.683+0500] {task_command.py:467} INFO - Running <TaskInstance: fetch_traffic_2024.ingest_traffic_2024 scheduled__2025-03-20T00:00:00+00:00 [running]> on host ubuntu
[2025-03-21T16:37:47.737+0500] {taskinstance.py:3134} INFO - Exporting env vars: AIRFLOW_CTX_DAG_OWNER='airflow' AIRFLOW_CTX_DAG_ID='fetch_traffic_2024' AIRFLOW_CTX_TASK_ID='ingest_traffic_2024' AIRFLOW_CTX_EXECUTION_DATE='2025-03-20T00:00:00+00:00' AIRFLOW_CTX_TRY_NUMBER='1' AIRFLOW_CTX_DAG_RUN_ID='scheduled__2025-03-20T00:00:00+00:00'
[2025-03-21T16:37:47.738+0500] {logging_mixin.py:190} INFO - Task instance is in running state
[2025-03-21T16:37:47.739+0500] {logging_mixin.py:190} INFO -  Previous state of the Task instance: queued
[2025-03-21T16:37:47.739+0500] {logging_mixin.py:190} INFO - Current task name:ingest_traffic_2024 state:running start_date:2025-03-21 11:37:47.615102+00:00
[2025-03-21T16:37:47.739+0500] {logging_mixin.py:190} INFO - Dag name:fetch_traffic_2024 and current dag run status:running
[2025-03-21T16:37:47.739+0500] {taskinstance.py:732} INFO - ::endgroup::
[2025-03-21T16:37:47.883+0500] {logging_mixin.py:190} INFO -    idTram  infoDisponible            data  tempsActual  tempsPrevist  tempsRecorregutFutur  factorReferenciaActual  tendencia
0       1               1  20241201000553          302           302                     1                       1          1
1       2               1  20241201000553            0             0                    -1                      -1         -1
2       3               1  20241201000553          304           304                     1                       1          1
3       4               1  20241201000553          325           325                     1                       1          1
4       5               1  20241201000553          174           174                     1                       1          1
[2025-03-21T16:37:47.883+0500] {python.py:240} INFO - Done. Returned value was: None
[2025-03-21T16:37:47.890+0500] {taskinstance.py:341} INFO - ::group::Post task execution logs
[2025-03-21T16:37:47.891+0500] {taskinstance.py:353} INFO - Marking task as SUCCESS. dag_id=fetch_traffic_2024, task_id=ingest_traffic_2024, run_id=scheduled__2025-03-20T00:00:00+00:00, execution_date=20250320T000000, start_date=20250321T113747, end_date=20250321T113747
[2025-03-21T16:37:47.911+0500] {logging_mixin.py:190} INFO - Task instance in success state
[2025-03-21T16:37:47.911+0500] {logging_mixin.py:190} INFO -  Previous state of the Task instance: running
[2025-03-21T16:37:47.912+0500] {logging_mixin.py:190} INFO - Dag name:fetch_traffic_2024 queued_at:2025-03-21 11:37:45.326421+00:00
[2025-03-21T16:37:47.912+0500] {logging_mixin.py:190} INFO - Task hostname:ubuntu operator:PythonOperator
[2025-03-21T16:37:47.937+0500] {local_task_job_runner.py:266} INFO - Task exited with return code 0
[2025-03-21T16:37:47.950+0500] {taskinstance.py:3901} INFO - 0 downstream tasks scheduled from follow-on schedule check
[2025-03-21T16:37:47.950+0500] {local_task_job_runner.py:245} INFO - ::endgroup::
