[2025-03-21T22:00:12.037+0500] {local_task_job_runner.py:123} INFO - ::group::Pre task execution logs
[2025-03-21T22:00:12.050+0500] {taskinstance.py:2614} INFO - Dependencies all met for dep_context=non-requeueable deps ti=<TaskInstance: fetch_twitter.fetch_twitter_data_task scheduled__2025-03-21T16:00:00+00:00 [queued]>
[2025-03-21T22:00:12.057+0500] {taskinstance.py:2614} INFO - Dependencies all met for dep_context=requeueable deps ti=<TaskInstance: fetch_twitter.fetch_twitter_data_task scheduled__2025-03-21T16:00:00+00:00 [queued]>
[2025-03-21T22:00:12.058+0500] {taskinstance.py:2867} INFO - Starting attempt 1 of 4
[2025-03-21T22:00:12.073+0500] {taskinstance.py:2890} INFO - Executing <Task(PythonOperator): fetch_twitter_data_task> on 2025-03-21 16:00:00+00:00
[2025-03-21T22:00:12.079+0500] {standard_task_runner.py:72} INFO - Started process 126848 to run task
[2025-03-21T22:00:12.082+0500] {standard_task_runner.py:104} INFO - Running: ['airflow', 'tasks', 'run', 'fetch_twitter', 'fetch_twitter_data_task', 'scheduled__2025-03-21T16:00:00+00:00', '--job-id', '38', '--raw', '--subdir', 'DAGS_FOLDER/fetch_twitter.py', '--cfg-path', '/tmp/tmpdso5f00j']
[2025-03-21T22:00:12.083+0500] {standard_task_runner.py:105} INFO - Job 38: Subtask fetch_twitter_data_task
[2025-03-21T22:00:12.121+0500] {task_command.py:467} INFO - Running <TaskInstance: fetch_twitter.fetch_twitter_data_task scheduled__2025-03-21T16:00:00+00:00 [running]> on host localhost
[2025-03-21T22:00:12.193+0500] {taskinstance.py:3134} INFO - Exporting env vars: AIRFLOW_CTX_DAG_OWNER='airflow' AIRFLOW_CTX_DAG_ID='fetch_twitter' AIRFLOW_CTX_TASK_ID='fetch_twitter_data_task' AIRFLOW_CTX_EXECUTION_DATE='2025-03-21T16:00:00+00:00' AIRFLOW_CTX_TRY_NUMBER='1' AIRFLOW_CTX_DAG_RUN_ID='scheduled__2025-03-21T16:00:00+00:00'
[2025-03-21T22:00:12.194+0500] {logging_mixin.py:190} INFO - Task instance is in running state
[2025-03-21T22:00:12.194+0500] {logging_mixin.py:190} INFO -  Previous state of the Task instance: queued
[2025-03-21T22:00:12.195+0500] {logging_mixin.py:190} INFO - Current task name:fetch_twitter_data_task state:running start_date:2025-03-21 17:00:12.050924+00:00
[2025-03-21T22:00:12.195+0500] {logging_mixin.py:190} INFO - Dag name:fetch_twitter and current dag run status:running
[2025-03-21T22:00:12.195+0500] {taskinstance.py:732} INFO - ::endgroup::
[2025-03-21T22:00:12.586+0500] {logging_mixin.py:190} INFO - Error fetching tweets: 403 Forbidden
453 - You currently have access to a subset of X API V2 endpoints and limited v1.1 endpoints (e.g. media post, oauth) only. If you need access to this endpoint, you may need a different access level. You can learn more here: https://developer.x.com/en/portal/product
[2025-03-21T22:00:12.587+0500] {python.py:240} INFO - Done. Returned value was: None
[2025-03-21T22:00:12.602+0500] {taskinstance.py:341} INFO - ::group::Post task execution logs
[2025-03-21T22:00:12.603+0500] {taskinstance.py:353} INFO - Marking task as SUCCESS. dag_id=fetch_twitter, task_id=fetch_twitter_data_task, run_id=scheduled__2025-03-21T16:00:00+00:00, execution_date=20250321T160000, start_date=20250321T170012, end_date=20250321T170012
[2025-03-21T22:00:12.627+0500] {logging_mixin.py:190} INFO - Task instance in success state
[2025-03-21T22:00:12.628+0500] {logging_mixin.py:190} INFO -  Previous state of the Task instance: running
[2025-03-21T22:00:12.628+0500] {logging_mixin.py:190} INFO - Dag name:fetch_twitter queued_at:2025-03-21 17:00:01.635473+00:00
[2025-03-21T22:00:12.628+0500] {logging_mixin.py:190} INFO - Task hostname:localhost operator:PythonOperator
[2025-03-21T22:00:12.656+0500] {local_task_job_runner.py:266} INFO - Task exited with return code 0
[2025-03-21T22:00:12.668+0500] {taskinstance.py:3901} INFO - 0 downstream tasks scheduled from follow-on schedule check
[2025-03-21T22:00:12.668+0500] {local_task_job_runner.py:245} INFO - ::endgroup::
