[2025-03-21T21:31:31.450+0500] {local_task_job_runner.py:123} INFO - ::group::Pre task execution logs
[2025-03-21T21:31:31.466+0500] {taskinstance.py:2614} INFO - Dependencies all met for dep_context=non-requeueable deps ti=<TaskInstance: coldpath_ingestion.ingest_cold_serapi_images manual__2025-03-21T16:31:22.588046+00:00 [queued]>
[2025-03-21T21:31:31.476+0500] {taskinstance.py:2614} INFO - Dependencies all met for dep_context=requeueable deps ti=<TaskInstance: coldpath_ingestion.ingest_cold_serapi_images manual__2025-03-21T16:31:22.588046+00:00 [queued]>
[2025-03-21T21:31:31.476+0500] {taskinstance.py:2867} INFO - Starting attempt 1 of 1
[2025-03-21T21:31:31.493+0500] {taskinstance.py:2890} INFO - Executing <Task(PythonOperator): ingest_cold_serapi_images> on 2025-03-21 16:31:22.588046+00:00
[2025-03-21T21:31:31.498+0500] {standard_task_runner.py:72} INFO - Started process 114048 to run task
[2025-03-21T21:31:31.502+0500] {standard_task_runner.py:104} INFO - Running: ['airflow', 'tasks', 'run', 'coldpath_ingestion', 'ingest_cold_serapi_images', 'manual__2025-03-21T16:31:22.588046+00:00', '--job-id', '32', '--raw', '--subdir', 'DAGS_FOLDER/coldpath.py', '--cfg-path', '/tmp/tmpn1vsm173']
[2025-03-21T21:31:31.503+0500] {standard_task_runner.py:105} INFO - Job 32: Subtask ingest_cold_serapi_images
[2025-03-21T21:31:31.541+0500] {task_command.py:467} INFO - Running <TaskInstance: coldpath_ingestion.ingest_cold_serapi_images manual__2025-03-21T16:31:22.588046+00:00 [running]> on host ubuntu
[2025-03-21T21:31:31.603+0500] {taskinstance.py:3134} INFO - Exporting env vars: AIRFLOW_CTX_DAG_OWNER='airflow' AIRFLOW_CTX_DAG_ID='coldpath_ingestion' AIRFLOW_CTX_TASK_ID='ingest_cold_serapi_images' AIRFLOW_CTX_EXECUTION_DATE='2025-03-21T16:31:22.588046+00:00' AIRFLOW_CTX_TRY_NUMBER='1' AIRFLOW_CTX_DAG_RUN_ID='manual__2025-03-21T16:31:22.588046+00:00'
[2025-03-21T21:31:31.605+0500] {logging_mixin.py:190} INFO - Task instance is in running state
[2025-03-21T21:31:31.605+0500] {logging_mixin.py:190} INFO -  Previous state of the Task instance: queued
[2025-03-21T21:31:31.605+0500] {logging_mixin.py:190} INFO - Current task name:ingest_cold_serapi_images state:running start_date:2025-03-21 16:31:31.466938+00:00
[2025-03-21T21:31:31.605+0500] {logging_mixin.py:190} INFO - Dag name:coldpath_ingestion and current dag run status:running
[2025-03-21T21:31:31.606+0500] {taskinstance.py:732} INFO - ::endgroup::
[2025-03-21T21:32:07.810+0500] {python.py:240} INFO - Done. Returned value was: None
[2025-03-21T21:32:07.815+0500] {taskinstance.py:341} INFO - ::group::Post task execution logs
[2025-03-21T21:32:07.815+0500] {taskinstance.py:353} INFO - Marking task as SUCCESS. dag_id=coldpath_ingestion, task_id=ingest_cold_serapi_images, run_id=manual__2025-03-21T16:31:22.588046+00:00, execution_date=20250321T163122, start_date=20250321T163131, end_date=20250321T163207
[2025-03-21T21:32:07.835+0500] {logging_mixin.py:190} INFO - Task instance in success state
[2025-03-21T21:32:07.836+0500] {logging_mixin.py:190} INFO -  Previous state of the Task instance: running
[2025-03-21T21:32:07.836+0500] {logging_mixin.py:190} INFO - Dag name:coldpath_ingestion queued_at:2025-03-21 16:31:22.602316+00:00
[2025-03-21T21:32:07.836+0500] {logging_mixin.py:190} INFO - Task hostname:ubuntu operator:PythonOperator
[2025-03-21T21:32:07.869+0500] {local_task_job_runner.py:266} INFO - Task exited with return code 0
[2025-03-21T21:32:07.887+0500] {taskinstance.py:3901} INFO - 1 downstream tasks scheduled from follow-on schedule check
[2025-03-21T21:32:07.892+0500] {local_task_job_runner.py:245} INFO - ::endgroup::
