[2025-03-21T21:03:18.631+0500] {local_task_job_runner.py:123} INFO - ::group::Pre task execution logs
[2025-03-21T21:03:18.644+0500] {taskinstance.py:2614} INFO - Dependencies all met for dep_context=non-requeueable deps ti=<TaskInstance: coldpath_ingestion.ingest_cold_serapi_images manual__2025-03-21T16:03:10.154733+00:00 [queued]>
[2025-03-21T21:03:18.650+0500] {taskinstance.py:2614} INFO - Dependencies all met for dep_context=requeueable deps ti=<TaskInstance: coldpath_ingestion.ingest_cold_serapi_images manual__2025-03-21T16:03:10.154733+00:00 [queued]>
[2025-03-21T21:03:18.650+0500] {taskinstance.py:2867} INFO - Starting attempt 1 of 1
[2025-03-21T21:03:18.666+0500] {taskinstance.py:2890} INFO - Executing <Task(PythonOperator): ingest_cold_serapi_images> on 2025-03-21 16:03:10.154733+00:00
[2025-03-21T21:03:18.672+0500] {standard_task_runner.py:72} INFO - Started process 105708 to run task
[2025-03-21T21:03:18.675+0500] {standard_task_runner.py:104} INFO - Running: ['airflow', 'tasks', 'run', 'coldpath_ingestion', 'ingest_cold_serapi_images', 'manual__2025-03-21T16:03:10.154733+00:00', '--job-id', '32', '--raw', '--subdir', 'DAGS_FOLDER/coldpath.py', '--cfg-path', '/tmp/tmpx1kog9b8']
[2025-03-21T21:03:18.676+0500] {standard_task_runner.py:105} INFO - Job 32: Subtask ingest_cold_serapi_images
[2025-03-21T21:03:18.710+0500] {task_command.py:467} INFO - Running <TaskInstance: coldpath_ingestion.ingest_cold_serapi_images manual__2025-03-21T16:03:10.154733+00:00 [running]> on host ubuntu
[2025-03-21T21:03:18.763+0500] {taskinstance.py:3134} INFO - Exporting env vars: AIRFLOW_CTX_DAG_OWNER='airflow' AIRFLOW_CTX_DAG_ID='coldpath_ingestion' AIRFLOW_CTX_TASK_ID='ingest_cold_serapi_images' AIRFLOW_CTX_EXECUTION_DATE='2025-03-21T16:03:10.154733+00:00' AIRFLOW_CTX_TRY_NUMBER='1' AIRFLOW_CTX_DAG_RUN_ID='manual__2025-03-21T16:03:10.154733+00:00'
[2025-03-21T21:03:18.764+0500] {logging_mixin.py:190} INFO - Task instance is in running state
[2025-03-21T21:03:18.765+0500] {logging_mixin.py:190} INFO -  Previous state of the Task instance: queued
[2025-03-21T21:03:18.765+0500] {logging_mixin.py:190} INFO - Current task name:ingest_cold_serapi_images state:running start_date:2025-03-21 16:03:18.644471+00:00
[2025-03-21T21:03:18.765+0500] {logging_mixin.py:190} INFO - Dag name:coldpath_ingestion and current dag run status:running
[2025-03-21T21:03:18.765+0500] {taskinstance.py:732} INFO - ::endgroup::
[2025-03-21T21:03:56.257+0500] {python.py:240} INFO - Done. Returned value was: None
[2025-03-21T21:03:56.263+0500] {taskinstance.py:341} INFO - ::group::Post task execution logs
[2025-03-21T21:03:56.263+0500] {taskinstance.py:353} INFO - Marking task as SUCCESS. dag_id=coldpath_ingestion, task_id=ingest_cold_serapi_images, run_id=manual__2025-03-21T16:03:10.154733+00:00, execution_date=20250321T160310, start_date=20250321T160318, end_date=20250321T160356
[2025-03-21T21:03:56.286+0500] {logging_mixin.py:190} INFO - Task instance in success state
[2025-03-21T21:03:56.286+0500] {logging_mixin.py:190} INFO -  Previous state of the Task instance: running
[2025-03-21T21:03:56.287+0500] {logging_mixin.py:190} INFO - Dag name:coldpath_ingestion queued_at:2025-03-21 16:03:10.170219+00:00
[2025-03-21T21:03:56.287+0500] {logging_mixin.py:190} INFO - Task hostname:ubuntu operator:PythonOperator
[2025-03-21T21:03:56.299+0500] {local_task_job_runner.py:266} INFO - Task exited with return code 0
[2025-03-21T21:03:56.318+0500] {taskinstance.py:3901} INFO - 1 downstream tasks scheduled from follow-on schedule check
[2025-03-21T21:03:56.324+0500] {local_task_job_runner.py:245} INFO - ::endgroup::
