[2025-03-21T18:00:12.149+0500] {local_task_job_runner.py:123} INFO - ::group::Pre task execution logs
[2025-03-21T18:00:12.157+0500] {taskinstance.py:2614} INFO - Dependencies all met for dep_context=non-requeueable deps ti=<TaskInstance: fetch_serapi_traffic_images.fetch_serapi_traffic_images_task scheduled__2025-03-21T12:00:00+00:00 [queued]>
[2025-03-21T18:00:12.161+0500] {taskinstance.py:2614} INFO - Dependencies all met for dep_context=requeueable deps ti=<TaskInstance: fetch_serapi_traffic_images.fetch_serapi_traffic_images_task scheduled__2025-03-21T12:00:00+00:00 [queued]>
[2025-03-21T18:00:12.162+0500] {taskinstance.py:2867} INFO - Starting attempt 1 of 1
[2025-03-21T18:00:12.177+0500] {taskinstance.py:2890} INFO - Executing <Task(PythonOperator): fetch_serapi_traffic_images_task> on 2025-03-21 12:00:00+00:00
[2025-03-21T18:00:12.184+0500] {standard_task_runner.py:72} INFO - Started process 48564 to run task
[2025-03-21T18:00:12.187+0500] {standard_task_runner.py:104} INFO - Running: ['airflow', 'tasks', 'run', 'fetch_serapi_traffic_images', 'fetch_serapi_traffic_images_task', 'scheduled__2025-03-21T12:00:00+00:00', '--job-id', '19', '--raw', '--subdir', 'DAGS_FOLDER/fetch_serapi.py', '--cfg-path', '/tmp/tmp8mm8b6u2']
[2025-03-21T18:00:12.188+0500] {standard_task_runner.py:105} INFO - Job 19: Subtask fetch_serapi_traffic_images_task
[2025-03-21T18:00:12.222+0500] {task_command.py:467} INFO - Running <TaskInstance: fetch_serapi_traffic_images.fetch_serapi_traffic_images_task scheduled__2025-03-21T12:00:00+00:00 [running]> on host ubuntu
[2025-03-21T18:00:12.281+0500] {taskinstance.py:3134} INFO - Exporting env vars: AIRFLOW_CTX_DAG_OWNER='airflow' AIRFLOW_CTX_DAG_ID='fetch_serapi_traffic_images' AIRFLOW_CTX_TASK_ID='fetch_serapi_traffic_images_task' AIRFLOW_CTX_EXECUTION_DATE='2025-03-21T12:00:00+00:00' AIRFLOW_CTX_TRY_NUMBER='1' AIRFLOW_CTX_DAG_RUN_ID='scheduled__2025-03-21T12:00:00+00:00'
[2025-03-21T18:00:12.282+0500] {logging_mixin.py:190} INFO - Task instance is in running state
[2025-03-21T18:00:12.283+0500] {logging_mixin.py:190} INFO -  Previous state of the Task instance: queued
[2025-03-21T18:00:12.283+0500] {logging_mixin.py:190} INFO - Current task name:fetch_serapi_traffic_images_task state:running start_date:2025-03-21 13:00:12.157326+00:00
[2025-03-21T18:00:12.283+0500] {logging_mixin.py:190} INFO - Dag name:fetch_serapi_traffic_images and current dag run status:running
[2025-03-21T18:00:12.283+0500] {taskinstance.py:732} INFO - ::endgroup::
[2025-03-21T18:00:12.987+0500] {logging_mixin.py:190} INFO - Error occurred: Expecting value: line 1 column 1 (char 0)
[2025-03-21T18:00:12.988+0500] {python.py:240} INFO - Done. Returned value was: None
[2025-03-21T18:00:12.995+0500] {taskinstance.py:341} INFO - ::group::Post task execution logs
[2025-03-21T18:00:12.996+0500] {taskinstance.py:353} INFO - Marking task as SUCCESS. dag_id=fetch_serapi_traffic_images, task_id=fetch_serapi_traffic_images_task, run_id=scheduled__2025-03-21T12:00:00+00:00, execution_date=20250321T120000, start_date=20250321T130012, end_date=20250321T130012
[2025-03-21T18:00:13.024+0500] {logging_mixin.py:190} INFO - Task instance in success state
[2025-03-21T18:00:13.025+0500] {logging_mixin.py:190} INFO -  Previous state of the Task instance: running
[2025-03-21T18:00:13.026+0500] {logging_mixin.py:190} INFO - Dag name:fetch_serapi_traffic_images queued_at:2025-03-21 13:00:01.480414+00:00
[2025-03-21T18:00:13.027+0500] {logging_mixin.py:190} INFO - Task hostname:ubuntu operator:PythonOperator
[2025-03-21T18:00:13.083+0500] {local_task_job_runner.py:266} INFO - Task exited with return code 0
[2025-03-21T18:00:13.104+0500] {taskinstance.py:3901} INFO - 0 downstream tasks scheduled from follow-on schedule check
[2025-03-21T18:00:13.105+0500] {local_task_job_runner.py:245} INFO - ::endgroup::
