[2025-03-21T16:43:03.812+0500] {local_task_job_runner.py:123} INFO - ::group::Pre task execution logs
[2025-03-21T16:43:03.822+0500] {taskinstance.py:2614} INFO - Dependencies all met for dep_context=non-requeueable deps ti=<TaskInstance: fetch_traffic_2025.ingest_traffic_2025 manual__2025-03-21T11:43:00.787952+00:00 [queued]>
[2025-03-21T16:43:03.827+0500] {taskinstance.py:2614} INFO - Dependencies all met for dep_context=requeueable deps ti=<TaskInstance: fetch_traffic_2025.ingest_traffic_2025 manual__2025-03-21T11:43:00.787952+00:00 [queued]>
[2025-03-21T16:43:03.828+0500] {taskinstance.py:2867} INFO - Starting attempt 1 of 1
[2025-03-21T16:43:03.841+0500] {taskinstance.py:2890} INFO - Executing <Task(PythonOperator): ingest_traffic_2025> on 2025-03-21 11:43:00.787952+00:00
[2025-03-21T16:43:03.846+0500] {standard_task_runner.py:72} INFO - Started process 34983 to run task
[2025-03-21T16:43:03.849+0500] {standard_task_runner.py:104} INFO - Running: ['airflow', 'tasks', 'run', 'fetch_traffic_2025', 'ingest_traffic_2025', 'manual__2025-03-21T11:43:00.787952+00:00', '--job-id', '9', '--raw', '--subdir', 'DAGS_FOLDER/fetch_traffic_2025.py', '--cfg-path', '/tmp/tmpvzswuexm']
[2025-03-21T16:43:03.850+0500] {standard_task_runner.py:105} INFO - Job 9: Subtask ingest_traffic_2025
[2025-03-21T16:43:03.884+0500] {task_command.py:467} INFO - Running <TaskInstance: fetch_traffic_2025.ingest_traffic_2025 manual__2025-03-21T11:43:00.787952+00:00 [running]> on host ubuntu
[2025-03-21T16:43:03.938+0500] {taskinstance.py:3134} INFO - Exporting env vars: AIRFLOW_CTX_DAG_OWNER='airflow' AIRFLOW_CTX_DAG_ID='fetch_traffic_2025' AIRFLOW_CTX_TASK_ID='ingest_traffic_2025' AIRFLOW_CTX_EXECUTION_DATE='2025-03-21T11:43:00.787952+00:00' AIRFLOW_CTX_TRY_NUMBER='1' AIRFLOW_CTX_DAG_RUN_ID='manual__2025-03-21T11:43:00.787952+00:00'
[2025-03-21T16:43:03.939+0500] {logging_mixin.py:190} INFO - Task instance is in running state
[2025-03-21T16:43:03.939+0500] {logging_mixin.py:190} INFO -  Previous state of the Task instance: queued
[2025-03-21T16:43:03.939+0500] {logging_mixin.py:190} INFO - Current task name:ingest_traffic_2025 state:running start_date:2025-03-21 11:43:03.822661+00:00
[2025-03-21T16:43:03.939+0500] {logging_mixin.py:190} INFO - Dag name:fetch_traffic_2025 and current dag run status:running
[2025-03-21T16:43:03.940+0500] {taskinstance.py:732} INFO - ::endgroup::
[2025-03-21T16:43:04.051+0500] {logging_mixin.py:190} INFO -    idTram  infoDisponible  ...  factorReferenciaActual  tendencia
0       1               1  ...                       1          1
1       2               1  ...                      -1         -1
2       3               1  ...                       1          1
3       4               1  ...                       1          1
4       5               1  ...                       1          1

[5 rows x 8 columns]
[2025-03-21T16:43:04.052+0500] {python.py:240} INFO - Done. Returned value was: None
[2025-03-21T16:43:04.056+0500] {taskinstance.py:341} INFO - ::group::Post task execution logs
[2025-03-21T16:43:04.056+0500] {taskinstance.py:353} INFO - Marking task as SUCCESS. dag_id=fetch_traffic_2025, task_id=ingest_traffic_2025, run_id=manual__2025-03-21T11:43:00.787952+00:00, execution_date=20250321T114300, start_date=20250321T114303, end_date=20250321T114304
[2025-03-21T16:43:04.078+0500] {logging_mixin.py:190} INFO - Task instance in success state
[2025-03-21T16:43:04.078+0500] {logging_mixin.py:190} INFO -  Previous state of the Task instance: running
[2025-03-21T16:43:04.078+0500] {logging_mixin.py:190} INFO - Dag name:fetch_traffic_2025 queued_at:2025-03-21 11:43:00.805362+00:00
[2025-03-21T16:43:04.079+0500] {logging_mixin.py:190} INFO - Task hostname:ubuntu operator:PythonOperator
[2025-03-21T16:43:04.102+0500] {local_task_job_runner.py:266} INFO - Task exited with return code 0
[2025-03-21T16:43:04.114+0500] {taskinstance.py:3901} INFO - 0 downstream tasks scheduled from follow-on schedule check
[2025-03-21T16:43:04.115+0500] {local_task_job_runner.py:245} INFO - ::endgroup::
