[2025-03-21T20:00:07.575+0500] {local_task_job_runner.py:123} INFO - ::group::Pre task execution logs
[2025-03-21T20:00:07.583+0500] {taskinstance.py:2614} INFO - Dependencies all met for dep_context=non-requeueable deps ti=<TaskInstance: fetch_serapi_traffic_images.fetch_serapi_traffic_images_task scheduled__2025-03-21T14:00:00+00:00 [queued]>
[2025-03-21T20:00:07.588+0500] {taskinstance.py:2614} INFO - Dependencies all met for dep_context=requeueable deps ti=<TaskInstance: fetch_serapi_traffic_images.fetch_serapi_traffic_images_task scheduled__2025-03-21T14:00:00+00:00 [queued]>
[2025-03-21T20:00:07.589+0500] {taskinstance.py:2867} INFO - Starting attempt 1 of 1
[2025-03-21T20:00:07.606+0500] {taskinstance.py:2890} INFO - Executing <Task(PythonOperator): fetch_serapi_traffic_images_task> on 2025-03-21 14:00:00+00:00
[2025-03-21T20:00:07.613+0500] {standard_task_runner.py:72} INFO - Started process 83675 to run task
[2025-03-21T20:00:07.617+0500] {standard_task_runner.py:104} INFO - Running: ['airflow', 'tasks', 'run', 'fetch_serapi_traffic_images', 'fetch_serapi_traffic_images_task', 'scheduled__2025-03-21T14:00:00+00:00', '--job-id', '25', '--raw', '--subdir', 'DAGS_FOLDER/fetch_serapi.py', '--cfg-path', '/tmp/tmp8w91l0fh']
[2025-03-21T20:00:07.618+0500] {standard_task_runner.py:105} INFO - Job 25: Subtask fetch_serapi_traffic_images_task
[2025-03-21T20:00:07.653+0500] {task_command.py:467} INFO - Running <TaskInstance: fetch_serapi_traffic_images.fetch_serapi_traffic_images_task scheduled__2025-03-21T14:00:00+00:00 [running]> on host ubuntu
[2025-03-21T20:00:07.719+0500] {taskinstance.py:3134} INFO - Exporting env vars: AIRFLOW_CTX_DAG_OWNER='airflow' AIRFLOW_CTX_DAG_ID='fetch_serapi_traffic_images' AIRFLOW_CTX_TASK_ID='fetch_serapi_traffic_images_task' AIRFLOW_CTX_EXECUTION_DATE='2025-03-21T14:00:00+00:00' AIRFLOW_CTX_TRY_NUMBER='1' AIRFLOW_CTX_DAG_RUN_ID='scheduled__2025-03-21T14:00:00+00:00'
[2025-03-21T20:00:07.720+0500] {logging_mixin.py:190} INFO - Task instance is in running state
[2025-03-21T20:00:07.720+0500] {logging_mixin.py:190} INFO -  Previous state of the Task instance: queued
[2025-03-21T20:00:07.720+0500] {logging_mixin.py:190} INFO - Current task name:fetch_serapi_traffic_images_task state:running start_date:2025-03-21 15:00:07.584275+00:00
[2025-03-21T20:00:07.720+0500] {logging_mixin.py:190} INFO - Dag name:fetch_serapi_traffic_images and current dag run status:running
[2025-03-21T20:00:07.720+0500] {taskinstance.py:732} INFO - ::endgroup::
[2025-03-21T20:00:08.178+0500] {logging_mixin.py:190} INFO - Error occurred: Expecting value: line 1 column 1 (char 0)
[2025-03-21T20:00:08.179+0500] {python.py:240} INFO - Done. Returned value was: None
[2025-03-21T20:00:08.187+0500] {taskinstance.py:341} INFO - ::group::Post task execution logs
[2025-03-21T20:00:08.188+0500] {taskinstance.py:353} INFO - Marking task as SUCCESS. dag_id=fetch_serapi_traffic_images, task_id=fetch_serapi_traffic_images_task, run_id=scheduled__2025-03-21T14:00:00+00:00, execution_date=20250321T140000, start_date=20250321T150007, end_date=20250321T150008
[2025-03-21T20:00:08.223+0500] {logging_mixin.py:190} INFO - Task instance in success state
[2025-03-21T20:00:08.224+0500] {logging_mixin.py:190} INFO -  Previous state of the Task instance: running
[2025-03-21T20:00:08.224+0500] {logging_mixin.py:190} INFO - Dag name:fetch_serapi_traffic_images queued_at:2025-03-21 15:00:01.450055+00:00
[2025-03-21T20:00:08.224+0500] {logging_mixin.py:190} INFO - Task hostname:ubuntu operator:PythonOperator
[2025-03-21T20:00:08.271+0500] {local_task_job_runner.py:266} INFO - Task exited with return code 0
[2025-03-21T20:00:08.288+0500] {taskinstance.py:3901} INFO - 0 downstream tasks scheduled from follow-on schedule check
[2025-03-21T20:00:08.289+0500] {local_task_job_runner.py:245} INFO - ::endgroup::
