[2025-03-21T21:32:10.884+0500] {local_task_job_runner.py:123} INFO - ::group::Pre task execution logs
[2025-03-21T21:32:10.897+0500] {taskinstance.py:2614} INFO - Dependencies all met for dep_context=non-requeueable deps ti=<TaskInstance: coldpath_ingestion.ingest_cold_traffic_data manual__2025-03-21T16:31:22.588046+00:00 [queued]>
[2025-03-21T21:32:10.903+0500] {taskinstance.py:2614} INFO - Dependencies all met for dep_context=requeueable deps ti=<TaskInstance: coldpath_ingestion.ingest_cold_traffic_data manual__2025-03-21T16:31:22.588046+00:00 [queued]>
[2025-03-21T21:32:10.903+0500] {taskinstance.py:2867} INFO - Starting attempt 1 of 1
[2025-03-21T21:32:10.920+0500] {taskinstance.py:2890} INFO - Executing <Task(PythonOperator): ingest_cold_traffic_data> on 2025-03-21 16:31:22.588046+00:00
[2025-03-21T21:32:10.926+0500] {standard_task_runner.py:72} INFO - Started process 114279 to run task
[2025-03-21T21:32:10.929+0500] {standard_task_runner.py:104} INFO - Running: ['airflow', 'tasks', 'run', 'coldpath_ingestion', 'ingest_cold_traffic_data', 'manual__2025-03-21T16:31:22.588046+00:00', '--job-id', '33', '--raw', '--subdir', 'DAGS_FOLDER/coldpath.py', '--cfg-path', '/tmp/tmpcr_q4psi']
[2025-03-21T21:32:10.930+0500] {standard_task_runner.py:105} INFO - Job 33: Subtask ingest_cold_traffic_data
[2025-03-21T21:32:10.964+0500] {task_command.py:467} INFO - Running <TaskInstance: coldpath_ingestion.ingest_cold_traffic_data manual__2025-03-21T16:31:22.588046+00:00 [running]> on host ubuntu
[2025-03-21T21:32:11.020+0500] {taskinstance.py:3134} INFO - Exporting env vars: AIRFLOW_CTX_DAG_OWNER='airflow' AIRFLOW_CTX_DAG_ID='coldpath_ingestion' AIRFLOW_CTX_TASK_ID='ingest_cold_traffic_data' AIRFLOW_CTX_EXECUTION_DATE='2025-03-21T16:31:22.588046+00:00' AIRFLOW_CTX_TRY_NUMBER='1' AIRFLOW_CTX_DAG_RUN_ID='manual__2025-03-21T16:31:22.588046+00:00'
[2025-03-21T21:32:11.021+0500] {logging_mixin.py:190} INFO - Task instance is in running state
[2025-03-21T21:32:11.022+0500] {logging_mixin.py:190} INFO -  Previous state of the Task instance: queued
[2025-03-21T21:32:11.022+0500] {logging_mixin.py:190} INFO - Current task name:ingest_cold_traffic_data state:running start_date:2025-03-21 16:32:10.897705+00:00
[2025-03-21T21:32:11.022+0500] {logging_mixin.py:190} INFO - Dag name:coldpath_ingestion and current dag run status:running
[2025-03-21T21:32:11.022+0500] {taskinstance.py:732} INFO - ::endgroup::
[2025-03-21T21:32:12.734+0500] {python.py:240} INFO - Done. Returned value was: None
[2025-03-21T21:32:12.740+0500] {taskinstance.py:341} INFO - ::group::Post task execution logs
[2025-03-21T21:32:12.740+0500] {taskinstance.py:353} INFO - Marking task as SUCCESS. dag_id=coldpath_ingestion, task_id=ingest_cold_traffic_data, run_id=manual__2025-03-21T16:31:22.588046+00:00, execution_date=20250321T163122, start_date=20250321T163210, end_date=20250321T163212
[2025-03-21T21:32:12.764+0500] {logging_mixin.py:190} INFO - Task instance in success state
[2025-03-21T21:32:12.764+0500] {logging_mixin.py:190} INFO -  Previous state of the Task instance: running
[2025-03-21T21:32:12.764+0500] {logging_mixin.py:190} INFO - Dag name:coldpath_ingestion queued_at:2025-03-21 16:31:22.602316+00:00
[2025-03-21T21:32:12.765+0500] {logging_mixin.py:190} INFO - Task hostname:ubuntu operator:PythonOperator
[2025-03-21T21:32:12.791+0500] {local_task_job_runner.py:266} INFO - Task exited with return code 0
[2025-03-21T21:32:12.809+0500] {taskinstance.py:3901} INFO - 1 downstream tasks scheduled from follow-on schedule check
[2025-03-21T21:32:12.814+0500] {local_task_job_runner.py:245} INFO - ::endgroup::
