[2025-03-22T02:00:05.150+0500] {local_task_job_runner.py:123} INFO - ::group::Pre task execution logs
[2025-03-22T02:00:05.160+0500] {taskinstance.py:2614} INFO - Dependencies all met for dep_context=non-requeueable deps ti=<TaskInstance: fetch_serapi_traffic_images.fetch_serapi_traffic_images_task scheduled__2025-03-21T20:00:00+00:00 [queued]>
[2025-03-22T02:00:05.166+0500] {taskinstance.py:2614} INFO - Dependencies all met for dep_context=requeueable deps ti=<TaskInstance: fetch_serapi_traffic_images.fetch_serapi_traffic_images_task scheduled__2025-03-21T20:00:00+00:00 [queued]>
[2025-03-22T02:00:05.166+0500] {taskinstance.py:2867} INFO - Starting attempt 1 of 1
[2025-03-22T02:00:05.182+0500] {taskinstance.py:2890} INFO - Executing <Task(PythonOperator): fetch_serapi_traffic_images_task> on 2025-03-21 20:00:00+00:00
[2025-03-22T02:00:05.188+0500] {standard_task_runner.py:72} INFO - Started process 171588 to run task
[2025-03-22T02:00:05.192+0500] {standard_task_runner.py:104} INFO - Running: ['airflow', 'tasks', 'run', 'fetch_serapi_traffic_images', 'fetch_serapi_traffic_images_task', 'scheduled__2025-03-21T20:00:00+00:00', '--job-id', '50', '--raw', '--subdir', 'DAGS_FOLDER/fetch_serapi.py', '--cfg-path', '/tmp/tmpeivbc1jh']
[2025-03-22T02:00:05.193+0500] {standard_task_runner.py:105} INFO - Job 50: Subtask fetch_serapi_traffic_images_task
[2025-03-22T02:00:05.232+0500] {task_command.py:467} INFO - Running <TaskInstance: fetch_serapi_traffic_images.fetch_serapi_traffic_images_task scheduled__2025-03-21T20:00:00+00:00 [running]> on host localhost
[2025-03-22T02:00:05.297+0500] {taskinstance.py:3134} INFO - Exporting env vars: AIRFLOW_CTX_DAG_OWNER='airflow' AIRFLOW_CTX_DAG_ID='fetch_serapi_traffic_images' AIRFLOW_CTX_TASK_ID='fetch_serapi_traffic_images_task' AIRFLOW_CTX_EXECUTION_DATE='2025-03-21T20:00:00+00:00' AIRFLOW_CTX_TRY_NUMBER='1' AIRFLOW_CTX_DAG_RUN_ID='scheduled__2025-03-21T20:00:00+00:00'
[2025-03-22T02:00:05.298+0500] {logging_mixin.py:190} INFO - Task instance is in running state
[2025-03-22T02:00:05.298+0500] {logging_mixin.py:190} INFO -  Previous state of the Task instance: queued
[2025-03-22T02:00:05.298+0500] {logging_mixin.py:190} INFO - Current task name:fetch_serapi_traffic_images_task state:running start_date:2025-03-21 21:00:05.160577+00:00
[2025-03-22T02:00:05.298+0500] {logging_mixin.py:190} INFO - Dag name:fetch_serapi_traffic_images and current dag run status:running
[2025-03-22T02:00:05.299+0500] {taskinstance.py:732} INFO - ::endgroup::
[2025-03-22T02:00:05.694+0500] {logging_mixin.py:190} INFO - Error occurred: Expecting value: line 1 column 1 (char 0)
[2025-03-22T02:00:05.695+0500] {python.py:240} INFO - Done. Returned value was: None
[2025-03-22T02:00:05.699+0500] {taskinstance.py:341} INFO - ::group::Post task execution logs
[2025-03-22T02:00:05.699+0500] {taskinstance.py:353} INFO - Marking task as SUCCESS. dag_id=fetch_serapi_traffic_images, task_id=fetch_serapi_traffic_images_task, run_id=scheduled__2025-03-21T20:00:00+00:00, execution_date=20250321T200000, start_date=20250321T210005, end_date=20250321T210005
[2025-03-22T02:00:05.719+0500] {logging_mixin.py:190} INFO - Task instance in success state
[2025-03-22T02:00:05.720+0500] {logging_mixin.py:190} INFO -  Previous state of the Task instance: running
[2025-03-22T02:00:05.720+0500] {logging_mixin.py:190} INFO - Dag name:fetch_serapi_traffic_images queued_at:2025-03-21 21:00:02.135236+00:00
[2025-03-22T02:00:05.720+0500] {logging_mixin.py:190} INFO - Task hostname:localhost operator:PythonOperator
[2025-03-22T02:00:05.766+0500] {local_task_job_runner.py:266} INFO - Task exited with return code 0
[2025-03-22T02:00:05.781+0500] {taskinstance.py:3901} INFO - 0 downstream tasks scheduled from follow-on schedule check
[2025-03-22T02:00:05.782+0500] {local_task_job_runner.py:245} INFO - ::endgroup::
