[2025-03-22T00:00:10.032+0500] {local_task_job_runner.py:123} INFO - ::group::Pre task execution logs
[2025-03-22T00:00:10.040+0500] {taskinstance.py:2614} INFO - Dependencies all met for dep_context=non-requeueable deps ti=<TaskInstance: fetch_bluesky.ingest_bluesky scheduled__2025-03-21T18:00:00+00:00 [queued]>
[2025-03-22T00:00:10.048+0500] {taskinstance.py:2614} INFO - Dependencies all met for dep_context=requeueable deps ti=<TaskInstance: fetch_bluesky.ingest_bluesky scheduled__2025-03-21T18:00:00+00:00 [queued]>
[2025-03-22T00:00:10.049+0500] {taskinstance.py:2867} INFO - Starting attempt 1 of 1
[2025-03-22T00:00:10.063+0500] {taskinstance.py:2890} INFO - Executing <Task(PythonOperator): ingest_bluesky> on 2025-03-21 18:00:00+00:00
[2025-03-22T00:00:10.068+0500] {standard_task_runner.py:72} INFO - Started process 149171 to run task
[2025-03-22T00:00:10.072+0500] {standard_task_runner.py:104} INFO - Running: ['airflow', 'tasks', 'run', 'fetch_bluesky', 'ingest_bluesky', 'scheduled__2025-03-21T18:00:00+00:00', '--job-id', '44', '--raw', '--subdir', 'DAGS_FOLDER/fetch_bluesky.py', '--cfg-path', '/tmp/tmpnd1tplju']
[2025-03-22T00:00:10.073+0500] {standard_task_runner.py:105} INFO - Job 44: Subtask ingest_bluesky
[2025-03-22T00:00:10.109+0500] {task_command.py:467} INFO - Running <TaskInstance: fetch_bluesky.ingest_bluesky scheduled__2025-03-21T18:00:00+00:00 [running]> on host localhost
[2025-03-22T00:00:10.172+0500] {taskinstance.py:3134} INFO - Exporting env vars: AIRFLOW_CTX_DAG_OWNER='airflow' AIRFLOW_CTX_DAG_ID='fetch_bluesky' AIRFLOW_CTX_TASK_ID='ingest_bluesky' AIRFLOW_CTX_EXECUTION_DATE='2025-03-21T18:00:00+00:00' AIRFLOW_CTX_TRY_NUMBER='1' AIRFLOW_CTX_DAG_RUN_ID='scheduled__2025-03-21T18:00:00+00:00'
[2025-03-22T00:00:10.173+0500] {logging_mixin.py:190} INFO - Task instance is in running state
[2025-03-22T00:00:10.174+0500] {logging_mixin.py:190} INFO -  Previous state of the Task instance: queued
[2025-03-22T00:00:10.174+0500] {logging_mixin.py:190} INFO - Current task name:ingest_bluesky state:running start_date:2025-03-21 19:00:10.041242+00:00
[2025-03-22T00:00:10.174+0500] {logging_mixin.py:190} INFO - Dag name:fetch_bluesky and current dag run status:running
[2025-03-22T00:00:10.175+0500] {taskinstance.py:732} INFO - ::endgroup::
[2025-03-22T00:00:11.341+0500] {logging_mixin.py:190} INFO - Failed to authenticate. Status code: 404
[2025-03-22T00:00:11.342+0500] {logging_mixin.py:190} INFO - Authentication failed, aborting data fetch.
[2025-03-22T00:00:11.342+0500] {python.py:240} INFO - Done. Returned value was: None
[2025-03-22T00:00:11.347+0500] {taskinstance.py:341} INFO - ::group::Post task execution logs
[2025-03-22T00:00:11.347+0500] {taskinstance.py:353} INFO - Marking task as SUCCESS. dag_id=fetch_bluesky, task_id=ingest_bluesky, run_id=scheduled__2025-03-21T18:00:00+00:00, execution_date=20250321T180000, start_date=20250321T190010, end_date=20250321T190011
[2025-03-22T00:00:11.369+0500] {logging_mixin.py:190} INFO - Task instance in success state
[2025-03-22T00:00:11.369+0500] {logging_mixin.py:190} INFO -  Previous state of the Task instance: running
[2025-03-22T00:00:11.369+0500] {logging_mixin.py:190} INFO - Dag name:fetch_bluesky queued_at:2025-03-21 19:00:01.155359+00:00
[2025-03-22T00:00:11.369+0500] {logging_mixin.py:190} INFO - Task hostname:localhost operator:PythonOperator
[2025-03-22T00:00:11.407+0500] {local_task_job_runner.py:266} INFO - Task exited with return code 0
[2025-03-22T00:00:11.419+0500] {taskinstance.py:3901} INFO - 0 downstream tasks scheduled from follow-on schedule check
[2025-03-22T00:00:11.419+0500] {local_task_job_runner.py:245} INFO - ::endgroup::
